   Î“Ã»â–“ Next.js 14.0.0
   - Local:        http://localhost:3001
   - Network:      http://0.0.0.0:3001

npm ERR! code ENOWORKSPACES
npm ERR! This command does not support workspaces.

npm ERR! A complete log of this run can be found in: C:\Users\MainUser\AppData\Local\npm-cache\_logs\2025-08-12T19_37_12_857Z-debug-0.log
 Î“Â£Ã´ Ready in 1978ms
 Î“Ã¹Ã¯ Compiling /page ...
 Î“Â£Ã´ Compiled /page in 14.3s (7828 modules)
 Î“Ã¹Ã¯ Compiling /not-found ...
 Î“Â£Ã´ Compiled /not-found in 972ms (7806 modules)
 Î“Â£Ã´ Compiled in 907ms (7815 modules)
 Î“Â£Ã´ Compiled in 855ms (7782 modules)
 Î“Â£Ã´ Compiled in 467ms (7782 modules)
 Î“Â£Ã´ Compiled in 723ms (4046 modules)
 Î“Ã¹Ã¯ Compiling /not-found ...
 Î“Â£Ã´ Compiled /not-found in 517ms (7787 modules)
 Î“Â£Ã´ Compiled in 534ms (7801 modules)
 Î“Â£Ã´ Compiled in 1870ms (7803 modules)
 Î“ÃœÃ¡ Fast Refresh had to perform a full reload due to a runtime error.
 Î“Â£Ã´ Compiled /not-found in 395ms (7808 modules)
 Î“Â£Ã´ Compiled in 282ms (4060 modules)
 Î“Â£Ã´ Compiled in 856ms (7803 modules)
 Î“Â£Ã´ Compiled /not-found in 394ms (7808 modules)
 Î“Â£Ã´ Compiled in 794ms (7803 modules)
 Î“Â£Ã´ Compiled in 828ms (7803 modules)
 Î“Â£Ã´ Compiled in 785ms (7803 modules)
 Î“Ã¹Ã¯ Compiling /ferrari/page ...
 Î“Â£Ã´ Compiled /ferrari/page in 1054ms (7832 modules)
 Î“Ã¹Ã¯ Compiling /not-found ...
 Î“Â£Ã´ Compiled /not-found in 1099ms (7837 modules)
 Î“Â£Ã´ Compiled in 1399ms (7846 modules)
 Î“Â£Ã´ Compiled in 790ms (7846 modules)
 Î“Â£Ã´ Compiled /not-found in 406ms (7837 modules)
 Î“Â£Ã´ Compiled in 1837ms (7827 modules)
 Î“Â£Ã´ Compiled in 394ms (7170 modules)
 Î“Â£Ã´ Compiled in 658ms (7212 modules)
 Î“Ã¹Ã¯ Compiling /not-found ...
 Î“Â£Ã´ Compiled /not-found in 1209ms (7217 modules)
 Î“Â£Ã´ Compiled in 409ms (7217 modules)
[?25h
